INFO:     Will watch for changes in these directories: ['/Users/swaraj.k/Downloads/ecopulse-main/backend']
INFO:     Uvicorn running on http://127.0.0.1:8000 (Press CTRL+C to quit)
INFO:     Started reloader process [22484] using WatchFiles
/Users/swaraj.k/Downloads/ecopulse-main/.venv/lib/python3.9/site-packages/google/api_core/_python_version_support.py:246: FutureWarning: You are using a non-supported Python version (3.9.6). Google will not post any further updates to google.api_core supporting this Python version. Please upgrade to the latest Python version, or at least Python 3.10, and then update google.api_core.
  warnings.warn(message, FutureWarning)
/Users/swaraj.k/Downloads/ecopulse-main/.venv/lib/python3.9/site-packages/urllib3/__init__.py:35: NotOpenSSLWarning: urllib3 v2 only supports OpenSSL 1.1.1+, currently the 'ssl' module is compiled with 'LibreSSL 2.8.3'. See: https://github.com/urllib3/urllib3/issues/3020
  warnings.warn(
/Users/swaraj.k/Downloads/ecopulse-main/.venv/lib/python3.9/site-packages/google/auth/__init__.py:54: FutureWarning: You are using a Python version 3.9 past its end of life. Google will update google-auth with critical bug fixes on a best-effort basis, but not with any other fixes or features. Please upgrade your Python version, and then update google-auth.
  warnings.warn(eol_message.format("3.9"), FutureWarning)
/Users/swaraj.k/Downloads/ecopulse-main/.venv/lib/python3.9/site-packages/google/oauth2/__init__.py:40: FutureWarning: You are using a Python version 3.9 past its end of life. Google will update google-auth with critical bug fixes on a best-effort basis, but not with any other fixes or features. Please upgrade your Python version, and then update google-auth.
  warnings.warn(eol_message.format("3.9"), FutureWarning)
/Users/swaraj.k/Downloads/ecopulse-main/.venv/lib/python3.9/site-packages/pydantic/_internal/_config.py:322: UserWarning: Valid config keys have changed in V2:
* 'orm_mode' has been renamed to 'from_attributes'
  warnings.warn(message, UserWarning)
INFO:     Started server process [22487]
INFO:     Waiting for application startup.
INFO:     Application startup complete.
✅  ONNX weather model loaded
✅  AQI + EcoScore models loaded
⚠️   Temp/Rain models not found — using rule-based fallback. Run train_models.py. ([Errno 2] No such file or directory: '/Users/swaraj.k/Downloads/ecopulse-main/ml-model/temp_model.pkl')
⚠️   No GEMINI_API_KEY found. AI Assistant will use fallback responses.
INFO:     127.0.0.1:53825 - "OPTIONS /auth/me HTTP/1.1" 200 OK
INFO:     127.0.0.1:53825 - "GET /auth/me HTTP/1.1" 401 Unauthorized
